0 info it worked if it ends with ok
1 verbose cli [ '/usr/bin/node',
1 verbose cli   '/usr/bin/npm',
1 verbose cli   'install',
1 verbose cli   '--save',
1 verbose cli   'express',
1 verbose cli   'jade' ]
2 info using npm@1.4.28
3 info using node@v0.10.35
4 verbose node symlink /usr/bin/node
5 warn package.json MultiVision@0.0.0 No repository field.
6 warn package.json MultiVision@0.0.0 No README data
7 verbose readDependencies using package.json deps
8 verbose cache add [ 'express', null ]
9 verbose cache add name=undefined spec="express" args=["express",null]
10 verbose parsed url { protocol: null,
10 verbose parsed url   slashes: null,
10 verbose parsed url   auth: null,
10 verbose parsed url   host: null,
10 verbose parsed url   port: null,
10 verbose parsed url   hostname: null,
10 verbose parsed url   hash: null,
10 verbose parsed url   search: null,
10 verbose parsed url   query: null,
10 verbose parsed url   pathname: 'express',
10 verbose parsed url   path: 'express',
10 verbose parsed url   href: 'express' }
11 verbose cache add [ 'jade', null ]
12 verbose cache add name=undefined spec="jade" args=["jade",null]
13 verbose parsed url { protocol: null,
13 verbose parsed url   slashes: null,
13 verbose parsed url   auth: null,
13 verbose parsed url   host: null,
13 verbose parsed url   port: null,
13 verbose parsed url   hostname: null,
13 verbose parsed url   hash: null,
13 verbose parsed url   search: null,
13 verbose parsed url   query: null,
13 verbose parsed url   pathname: 'jade',
13 verbose parsed url   path: 'jade',
13 verbose parsed url   href: 'jade' }
14 silly lockFile f3c62de4-express express
15 verbose lock express /home/mark07/.npm/f3c62de4-express.lock
16 silly lockFile 5bd60fae-jade jade
17 verbose lock jade /home/mark07/.npm/5bd60fae-jade.lock
18 silly lockFile f3c62de4-express express
19 silly lockFile f3c62de4-express express
20 silly lockFile 5bd60fae-jade jade
21 silly lockFile 5bd60fae-jade jade
22 verbose addNamed [ 'express', '' ]
23 verbose addNamed [ null, '*' ]
24 silly lockFile 64a534c1-express express@
25 verbose lock express@ /home/mark07/.npm/64a534c1-express.lock
26 verbose addNamed [ 'jade', '' ]
27 verbose addNamed [ null, '*' ]
28 silly lockFile 51d481b2-jade jade@
29 verbose lock jade@ /home/mark07/.npm/51d481b2-jade.lock
30 silly addNameRange { name: 'express', range: '*', hasData: false }
31 silly addNameRange { name: 'jade', range: '*', hasData: false }
32 verbose request where is /jade
33 verbose request registry https://registry.npmjs.org/
34 verbose request id 5d5b88c5cccb50e7
35 verbose url raw /jade
36 verbose url resolving [ 'https://registry.npmjs.org/', './jade' ]
37 verbose url resolved https://registry.npmjs.org/jade
38 verbose request where is https://registry.npmjs.org/jade
39 info trying registry request attempt 1 at 09:01:28
40 verbose etag "672EEVL8PXFLV53CI5ECEEMRX"
41 http GET https://registry.npmjs.org/jade
42 verbose request where is /express
43 verbose request registry https://registry.npmjs.org/
44 verbose url raw /express
45 verbose url resolving [ 'https://registry.npmjs.org/', './express' ]
46 verbose url resolved https://registry.npmjs.org/express
47 verbose request where is https://registry.npmjs.org/express
48 info trying registry request attempt 1 at 09:01:28
49 verbose etag "C1RB4QHIYVTC2PZ9J5TV0RFW9"
50 http GET https://registry.npmjs.org/express
51 http 200 https://registry.npmjs.org/jade
52 silly registry.get cb [ 200,
52 silly registry.get   { date: 'Mon, 16 Feb 2015 16:01:29 GMT',
52 silly registry.get     server: 'CouchDB/1.5.0 (Erlang OTP/R16B03)',
52 silly registry.get     etag: '"3SZ5YK7HMV453UVD29XGLJT6Z"',
52 silly registry.get     'content-type': 'application/json',
52 silly registry.get     'cache-control': 'max-age=60',
52 silly registry.get     'content-length': '141850',
52 silly registry.get     'accept-ranges': 'bytes',
52 silly registry.get     via: '1.1 varnish',
52 silly registry.get     age: '34',
52 silly registry.get     'x-served-by': 'cache-sjc3134-SJC',
52 silly registry.get     'x-cache': 'HIT',
52 silly registry.get     'x-cache-hits': '2',
52 silly registry.get     'x-timer': 'S1424102489.808419,VS0,VE0',
52 silly registry.get     vary: 'Accept',
52 silly registry.get     'keep-alive': 'timeout=10, max=50',
52 silly registry.get     connection: 'Keep-Alive' } ]
53 silly addNameRange number 2 { name: 'jade', range: '*', hasData: true }
54 silly addNameRange versions [ 'jade',
54 silly addNameRange   [ '0.0.1',
54 silly addNameRange     '0.0.2',
54 silly addNameRange     '0.1.0',
54 silly addNameRange     '0.2.0',
54 silly addNameRange     '0.2.1',
54 silly addNameRange     '0.2.2',
54 silly addNameRange     '0.2.3',
54 silly addNameRange     '0.2.4',
54 silly addNameRange     '0.3.0',
54 silly addNameRange     '0.4.0',
54 silly addNameRange     '0.4.1',
54 silly addNameRange     '0.5.0',
54 silly addNameRange     '0.5.1',
54 silly addNameRange     '0.5.2',
54 silly addNameRange     '0.5.3',
54 silly addNameRange     '0.5.4',
54 silly addNameRange     '0.5.5',
54 silly addNameRange     '0.5.6',
54 silly addNameRange     '0.5.7',
54 silly addNameRange     '0.6.0',
54 silly addNameRange     '0.6.1',
54 silly addNameRange     '0.6.3',
54 silly addNameRange     '0.7.0',
54 silly addNameRange     '0.7.1',
54 silly addNameRange     '0.8.0',
54 silly addNameRange     '0.8.1',
54 silly addNameRange     '0.8.2',
54 silly addNameRange     '0.8.3',
54 silly addNameRange     '0.8.4',
54 silly addNameRange     '0.8.5',
54 silly addNameRange     '0.8.6',
54 silly addNameRange     '0.8.7',
54 silly addNameRange     '0.8.8',
54 silly addNameRange     '0.8.9',
54 silly addNameRange     '0.9.0',
54 silly addNameRange     '0.9.1',
54 silly addNameRange     '0.9.2',
54 silly addNameRange     '0.9.3',
54 silly addNameRange     '0.10.0',
54 silly addNameRange     '0.10.1',
54 silly addNameRange     '0.10.2',
54 silly addNameRange     '0.10.3',
54 silly addNameRange     '0.10.4',
54 silly addNameRange     '0.10.5',
54 silly addNameRange     '0.10.6',
54 silly addNameRange     '0.10.7',
54 silly addNameRange     '0.11.0',
54 silly addNameRange     '0.11.1',
54 silly addNameRange     '0.12.0',
54 silly addNameRange     '0.12.1',
54 silly addNameRange     '0.12.2',
54 silly addNameRange     '0.12.3',
54 silly addNameRange     '0.12.4',
54 silly addNameRange     '0.13.0',
54 silly addNameRange     '0.14.0',
54 silly addNameRange     '0.14.1',
54 silly addNameRange     '0.14.2',
54 silly addNameRange     '0.15.0',
54 silly addNameRange     '0.15.1',
54 silly addNameRange     '0.15.2',
54 silly addNameRange     '0.15.3',
54 silly addNameRange     '0.15.4',
54 silly addNameRange     '0.16.0',
54 silly addNameRange     '0.16.1',
54 silly addNameRange     '0.16.2',
54 silly addNameRange     '0.16.3',
54 silly addNameRange     '0.16.4',
54 silly addNameRange     '0.17.0',
54 silly addNameRange     '0.18.0',
54 silly addNameRange     '0.19.0',
54 silly addNameRange     '0.20.0',
54 silly addNameRange     '0.20.1',
54 silly addNameRange     '0.20.2',
54 silly addNameRange     '0.20.3',
54 silly addNameRange     '0.21.0',
54 silly addNameRange     '0.22.0',
54 silly addNameRange     '0.22.1',
54 silly addNameRange     '0.23.0',
54 silly addNameRange     '0.24.0',
54 silly addNameRange     '0.25.0',
54 silly addNameRange     '0.26.0',
54 silly addNameRange     '0.26.1',
54 silly addNameRange     '0.26.2',
54 silly addNameRange     '0.26.3',
54 silly addNameRange     '0.27.0',
54 silly addNameRange     '0.27.1',
54 silly addNameRange     '0.27.2',
54 silly addNameRange     '0.27.3',
54 silly addNameRange     '0.27.4',
54 silly addNameRange     '0.27.5',
54 silly addNameRange     '0.27.6',
54 silly addNameRange     '0.27.7',
54 silly addNameRange     '0.28.0',
54 silly addNameRange     '0.28.1',
54 silly addNameRange     '0.28.2',
54 silly addNameRange     '0.29.0',
54 silly addNameRange     '0.30.0',
54 silly addNameRange     '0.31.0',
54 silly addNameRange     '0.31.1',
54 silly addNameRange     '0.31.2',
54 silly addNameRange     '0.32.0',
54 silly addNameRange     '0.33.0',
54 silly addNameRange     '0.34.0',
54 silly addNameRange     '0.34.1',
54 silly addNameRange     '0.35.0',
54 silly addNameRange     '1.0.0',
54 silly addNameRange     '1.0.1',
54 silly addNameRange     '1.0.2',
54 silly addNameRange     '1.1.0',
54 silly addNameRange     '1.1.1',
54 silly addNameRange     '1.1.2',
54 silly addNameRange     '1.1.3',
54 silly addNameRange     '1.1.4',
54 silly addNameRange     '1.1.5',
54 silly addNameRange     '1.2.0',
54 silly addNameRange     '1.3.0',
54 silly addNameRange     '1.3.1',
54 silly addNameRange     '1.4.0',
54 silly addNameRange     '1.4.1',
54 silly addNameRange     '1.4.2',
54 silly addNameRange     '1.5.0',
54 silly addNameRange     '1.6.0',
54 silly addNameRange     '1.7.0',
54 silly addNameRange     '1.8.0',
54 silly addNameRange     '1.8.1',
54 silly addNameRange     '1.8.2',
54 silly addNameRange     '1.9.0',
54 silly addNameRange     '1.9.1',
54 silly addNameRange     '1.9.2' ] ]
55 verbose addNamed [ 'jade', '1.9.2' ]
56 verbose addNamed [ '1.9.2', '1.9.2' ]
57 silly lockFile 20e0e06b-jade-1-9-2 jade@1.9.2
58 verbose lock jade@1.9.2 /home/mark07/.npm/20e0e06b-jade-1-9-2.lock
59 silly lockFile 481cf773-ry-npmjs-org-jade-jade-1-9-2-tgz https://registry.npmjs.org/jade/-/jade-1.9.2.tgz
60 verbose lock https://registry.npmjs.org/jade/-/jade-1.9.2.tgz /home/mark07/.npm/481cf773-ry-npmjs-org-jade-jade-1-9-2-tgz.lock
61 verbose addRemoteTarball [ 'https://registry.npmjs.org/jade/-/jade-1.9.2.tgz',
61 verbose addRemoteTarball   '0b89f9c60d4ead2738e826ba7b2ccac9a5702abe' ]
62 http 200 https://registry.npmjs.org/express
63 silly registry.get cb [ 200,
63 silly registry.get   { date: 'Mon, 16 Feb 2015 16:01:29 GMT',
63 silly registry.get     server: 'CouchDB/1.5.0 (Erlang OTP/R16B03)',
63 silly registry.get     etag: '"86MFZIXMR1W0J9QNH6X3O10F7"',
63 silly registry.get     'content-type': 'application/json',
63 silly registry.get     'cache-control': 'max-age=60',
63 silly registry.get     'content-length': '469868',
63 silly registry.get     'accept-ranges': 'bytes',
63 silly registry.get     via: '1.1 varnish',
63 silly registry.get     age: '51',
63 silly registry.get     'x-served-by': 'cache-lax1431-LAX',
63 silly registry.get     'x-cache': 'HIT',
63 silly registry.get     'x-cache-hits': '1',
63 silly registry.get     'x-timer': 'S1424102489.787481,VS0,VE5',
63 silly registry.get     vary: 'Accept',
63 silly registry.get     'keep-alive': 'timeout=10, max=50',
63 silly registry.get     connection: 'Keep-Alive' } ]
64 info retry fetch attempt 1 at 09:01:28
65 verbose fetch to= /tmp/npm-2983-vb__hTmV/registry.npmjs.org/jade/-/jade-1.9.2.tgz
66 http GET https://registry.npmjs.org/jade/-/jade-1.9.2.tgz
67 silly addNameRange number 2 { name: 'express', range: '*', hasData: true }
68 silly addNameRange versions [ 'express',
68 silly addNameRange   [ '0.14.0',
68 silly addNameRange     '0.14.1',
68 silly addNameRange     '1.0.0',
68 silly addNameRange     '1.0.1',
68 silly addNameRange     '1.0.2',
68 silly addNameRange     '1.0.3',
68 silly addNameRange     '1.0.4',
68 silly addNameRange     '1.0.5',
68 silly addNameRange     '1.0.6',
68 silly addNameRange     '1.0.7',
68 silly addNameRange     '1.0.8',
68 silly addNameRange     '2.0.0',
68 silly addNameRange     '2.1.0',
68 silly addNameRange     '2.1.1',
68 silly addNameRange     '2.2.0',
68 silly addNameRange     '2.2.1',
68 silly addNameRange     '2.2.2',
68 silly addNameRange     '2.3.0',
68 silly addNameRange     '2.3.1',
68 silly addNameRange     '2.3.2',
68 silly addNameRange     '2.3.3',
68 silly addNameRange     '2.3.4',
68 silly addNameRange     '2.3.5',
68 silly addNameRange     '2.3.6',
68 silly addNameRange     '2.3.7',
68 silly addNameRange     '2.3.8',
68 silly addNameRange     '2.3.9',
68 silly addNameRange     '2.3.10',
68 silly addNameRange     '2.3.11',
68 silly addNameRange     '2.3.12',
68 silly addNameRange     '2.4.0',
68 silly addNameRange     '2.4.1',
68 silly addNameRange     '2.4.2',
68 silly addNameRange     '2.4.3',
68 silly addNameRange     '2.4.4',
68 silly addNameRange     '2.4.5',
68 silly addNameRange     '2.4.6',
68 silly addNameRange     '2.4.7',
68 silly addNameRange     '2.5.0',
68 silly addNameRange     '2.5.1',
68 silly addNameRange     '2.5.2',
68 silly addNameRange     '2.5.3',
68 silly addNameRange     '2.5.4',
68 silly addNameRange     '2.5.5',
68 silly addNameRange     '2.5.6',
68 silly addNameRange     '2.5.7',
68 silly addNameRange     '2.5.8',
68 silly addNameRange     '2.5.9',
68 silly addNameRange     '2.5.10',
68 silly addNameRange     '2.5.11',
68 silly addNameRange     '3.0.0',
68 silly addNameRange     '3.0.1',
68 silly addNameRange     '3.0.2',
68 silly addNameRange     '3.0.3',
68 silly addNameRange     '3.0.4',
68 silly addNameRange     '3.0.5',
68 silly addNameRange     '3.0.6',
68 silly addNameRange     '3.1.0',
68 silly addNameRange     '3.1.1',
68 silly addNameRange     '3.1.2',
68 silly addNameRange     '3.2.0',
68 silly addNameRange     '3.2.1',
68 silly addNameRange     '3.2.2',
68 silly addNameRange     '3.2.3',
68 silly addNameRange     '3.2.4',
68 silly addNameRange     '3.2.5',
68 silly addNameRange     '3.2.6',
68 silly addNameRange     '3.3.0',
68 silly addNameRange     '3.3.1',
68 silly addNameRange     '3.3.2',
68 silly addNameRange     '3.3.3',
68 silly addNameRange     '3.3.4',
68 silly addNameRange     '3.3.5',
68 silly addNameRange     '3.3.6',
68 silly addNameRange     '1.0.0-beta',
68 silly addNameRange     '1.0.0-beta2',
68 silly addNameRange     '1.0.0-rc',
68 silly addNameRange     '1.0.0-rc2',
68 silly addNameRange     '1.0.0-rc3',
68 silly addNameRange     '1.0.0-rc4',
68 silly addNameRange     '2.0.0-beta',
68 silly addNameRange     '2.0.0-beta2',
68 silly addNameRange     '2.0.0-beta3',
68 silly addNameRange     '2.0.0-rc',
68 silly addNameRange     '2.0.0-rc2',
68 silly addNameRange     '2.0.0-rc3',
68 silly addNameRange     '3.0.0-alpha1',
68 silly addNameRange     '3.0.0-alpha2',
68 silly addNameRange     '3.0.0-alpha3',
68 silly addNameRange     '3.0.0-alpha4',
68 silly addNameRange     '3.0.0-alpha5',
68 silly addNameRange     '3.0.0-beta1',
68 silly addNameRange     '3.0.0-beta2',
68 silly addNameRange     '3.0.0-beta3',
68 silly addNameRange     '3.0.0-beta4',
68 silly addNameRange     '3.0.0-beta6',
68 silly addNameRange     '3.0.0-beta7',
68 silly addNameRange     '3.0.0-rc1',
68 silly addNameRange     '3.0.0-rc2',
68 silly addNameRange     '3.0.0-rc3',
68 silly addNameRange     '3.0.0-rc4',
68 silly addNameRange     '3.0.0-rc5',
68 silly addNameRange     '3.3.7',
68 silly addNameRange     '3.3.8',
68 silly addNameRange     '3.4.0',
68 silly addNameRange     '3.4.1',
68 silly addNameRange     '3.4.2',
68 silly addNameRange     '3.4.3',
68 silly addNameRange     '3.4.4',
68 silly addNameRange     '3.4.5',
68 silly addNameRange     '3.4.6',
68 silly addNameRange     '3.4.7',
68 silly addNameRange     '3.4.8',
68 silly addNameRange     '4.0.0-rc1',
68 silly addNameRange     '4.0.0-rc2',
68 silly addNameRange     '3.5.0',
68 silly addNameRange     '4.0.0-rc3',
68 silly addNameRange     '4.0.0-rc4',
68 silly addNameRange     '3.5.1',
68 silly addNameRange     '4.0.0',
68 silly addNameRange     '3.5.2',
68 silly addNameRange     '4.1.0',
68 silly addNameRange     '4.1.1',
68 silly addNameRange     '3.5.3',
68 silly addNameRange     '4.1.2',
68 silly addNameRange     '3.6.0',
68 silly addNameRange     '4.2.0',
68 silly addNameRange     '3.7.0',
68 silly addNameRange     '3.8.0',
68 silly addNameRange     '4.3.0',
68 silly addNameRange     '4.3.1',
68 silly addNameRange     '3.8.1',
68 silly addNameRange     '4.3.2',
68 silly addNameRange     '3.9.0',
68 silly addNameRange     '4.4.0',
68 silly addNameRange     '4.4.1',
68 silly addNameRange     '3.10.0',
68 silly addNameRange     '3.10.1',
68 silly addNameRange     '3.10.2',
68 silly addNameRange     '3.10.3',
68 silly addNameRange     '3.10.4',
68 silly addNameRange     '4.4.2',
68 silly addNameRange     '3.10.5',
68 silly addNameRange     '4.4.3',
68 silly addNameRange     '3.11.0',
68 silly addNameRange     '4.4.4',
68 silly addNameRange     '3.12.0',
68 silly addNameRange     '3.12.1',
68 silly addNameRange     '4.4.5',
68 silly addNameRange     '3.13.0',
68 silly addNameRange     '4.5.0',
68 silly addNameRange     '4.5.1',
68 silly addNameRange     '3.14.0',
68 silly addNameRange     '4.6.0',
68 silly addNameRange     '4.6.1',
68 silly addNameRange     '3.15.0',
68 silly addNameRange     '4.7.0',
68 silly addNameRange     '3.15.1',
68 silly addNameRange     '4.7.1',
68 silly addNameRange     '3.15.2',
68 silly addNameRange     '4.7.2',
68 silly addNameRange     '4.7.3',
68 silly addNameRange     '3.15.3',
68 silly addNameRange     '4.7.4',
68 silly addNameRange     '3.16.0',
68 silly addNameRange     '4.8.0',
68 silly addNameRange     '3.16.1',
68 silly addNameRange     '4.8.1',
68 silly addNameRange     '3.16.2',
68 silly addNameRange     '4.8.2',
68 silly addNameRange     '3.16.3',
68 silly addNameRange     '3.16.4',
68 silly addNameRange     '4.8.3',
68 silly addNameRange     '3.16.5',
68 silly addNameRange     '3.16.6',
68 silly addNameRange     '4.8.4',
68 silly addNameRange     '3.16.7',
68 silly addNameRange     '4.8.5',
68 silly addNameRange     '3.16.8',
68 silly addNameRange     '4.8.6',
68 silly addNameRange     '3.16.9',
68 silly addNameRange     '4.8.7',
68 silly addNameRange     '3.16.10',
68 silly addNameRange     '4.8.8',
68 silly addNameRange     '3.17.0',
68 silly addNameRange     '3.17.1',
68 silly addNameRange     '4.9.0',
68 silly addNameRange     '3.17.2',
68 silly addNameRange     '4.9.1',
68 silly addNameRange     '4.9.2',
68 silly addNameRange     '3.17.3',
68 silly addNameRange     '4.9.3',
68 silly addNameRange     '3.17.4',
68 silly addNameRange     '4.9.4',
68 silly addNameRange     '3.17.5',
68 silly addNameRange     '4.9.5',
68 silly addNameRange     '3.17.6',
68 silly addNameRange     '3.17.7',
68 silly addNameRange     '4.9.6',
68 silly addNameRange     '4.9.7',
68 silly addNameRange     '3.17.8',
68 silly addNameRange     '4.9.8',
68 silly addNameRange     '3.18.0',
68 silly addNameRange     '3.18.1',
68 silly addNameRange     '4.10.0',
68 silly addNameRange     '3.18.2',
68 silly addNameRange     '4.10.1',
68 silly addNameRange     '5.0.0-alpha.1',
68 silly addNameRange     '3.18.3',
68 silly addNameRange     '4.10.2',
68 silly addNameRange     '3.18.4',
68 silly addNameRange     '4.10.3',
68 silly addNameRange     '4.10.4',
68 silly addNameRange     '4.10.5',
68 silly addNameRange     '3.18.5',
68 silly addNameRange     '3.18.6',
68 silly addNameRange     '4.10.6',
68 silly addNameRange     '4.10.7',
68 silly addNameRange     '3.19.0',
68 silly addNameRange     '4.10.8',
68 silly addNameRange     '4.11.0',
68 silly addNameRange     '3.19.1',
68 silly addNameRange     '4.11.1',
68 silly addNameRange     '3.19.2',
68 silly addNameRange     '4.11.2' ] ]
69 verbose addNamed [ 'express', '4.11.2' ]
70 verbose addNamed [ '4.11.2', '4.11.2' ]
71 silly lockFile 69e74cc8-express-4-11-2 express@4.11.2
72 verbose lock express@4.11.2 /home/mark07/.npm/69e74cc8-express-4-11-2.lock
73 silly lockFile bad57c1d-s-org-express-express-4-11-2-tgz https://registry.npmjs.org/express/-/express-4.11.2.tgz
74 verbose lock https://registry.npmjs.org/express/-/express-4.11.2.tgz /home/mark07/.npm/bad57c1d-s-org-express-express-4-11-2-tgz.lock
75 verbose addRemoteTarball [ 'https://registry.npmjs.org/express/-/express-4.11.2.tgz',
75 verbose addRemoteTarball   '8df3d5a9ac848585f00a0777601823faecd3b148' ]
76 info retry fetch attempt 1 at 09:01:28
77 verbose fetch to= /tmp/npm-2983-vb__hTmV/registry.npmjs.org/express/-/express-4.11.2.tgz
78 http GET https://registry.npmjs.org/express/-/express-4.11.2.tgz
79 http 200 https://registry.npmjs.org/jade/-/jade-1.9.2.tgz
80 http 200 https://registry.npmjs.org/express/-/express-4.11.2.tgz
81 silly lockFile bad57c1d-s-org-express-express-4-11-2-tgz https://registry.npmjs.org/express/-/express-4.11.2.tgz
82 silly lockFile bad57c1d-s-org-express-express-4-11-2-tgz https://registry.npmjs.org/express/-/express-4.11.2.tgz
83 silly lockFile 69e74cc8-express-4-11-2 express@4.11.2
84 silly lockFile 69e74cc8-express-4-11-2 express@4.11.2
85 silly lockFile 64a534c1-express express@
86 silly lockFile 64a534c1-express express@
87 silly lockFile 481cf773-ry-npmjs-org-jade-jade-1-9-2-tgz https://registry.npmjs.org/jade/-/jade-1.9.2.tgz
88 silly lockFile 481cf773-ry-npmjs-org-jade-jade-1-9-2-tgz https://registry.npmjs.org/jade/-/jade-1.9.2.tgz
89 silly lockFile 20e0e06b-jade-1-9-2 jade@1.9.2
90 silly lockFile 20e0e06b-jade-1-9-2 jade@1.9.2
91 silly lockFile 51d481b2-jade jade@
92 silly lockFile 51d481b2-jade jade@
93 error Error: EACCES, mkdir '/home/mark07/.npm/express/4.11.2'
93 error  { [Error: EACCES, mkdir '/home/mark07/.npm/express/4.11.2']
93 error   errno: 3,
93 error   code: 'EACCES',
93 error   path: '/home/mark07/.npm/express/4.11.2',
93 error   parent: 'MultiVision' }
94 error Please try running this command again as root/Administrator.
95 error System Linux 3.13.0-44-generic
96 error command "/usr/bin/node" "/usr/bin/npm" "install" "--save" "express" "jade"
97 error cwd /home/mark07/ps-joeeames
98 error node -v v0.10.35
99 error npm -v 1.4.28
100 error path /home/mark07/.npm/express/4.11.2
101 error code EACCES
102 error errno 3
103 error stack Error: EACCES, mkdir '/home/mark07/.npm/express/4.11.2'
104 verbose exit [ 3, true ]
